
*** Running vivado
    with args -log RaySOC.vds -m64 -product Vivado -mode batch -messageDb vivado.pb -notrace -source RaySOC.tcl



****** Vivado v2022.2 (64-bit)
  **** SW Build 3671981 on Fri Oct 14 05:00:03 MDT 2022
  **** IP Build 3669848 on Fri Oct 14 08:30:02 MDT 2022
    ** Copyright 1986-2022 Xilinx, Inc. All Rights Reserved.

source RaySOC.tcl -notrace
create_project: Time (s): cpu = 00:00:06 ; elapsed = 00:00:07 . Memory (MB): peak = 377.152 ; gain = 68.801
Command: read_checkpoint -auto_incremental -incremental D:/Ray/Vivado/ray_riscv/ray_riscv.srcs/utils_1/imports/synth_1/alu.dcp
INFO: [Vivado 12-5825] Read reference checkpoint from D:/Ray/Vivado/ray_riscv/ray_riscv.srcs/utils_1/imports/synth_1/alu.dcp for incremental synthesis
INFO: [Vivado 12-7989] Please ensure there are no constraint changes
Command: synth_design -top RaySOC -part xc7z010clg400-1
Starting synth_design
Attempting to get a license for feature 'Synthesis' and/or device 'xc7z010'
INFO: [Common 17-349] Got license for feature 'Synthesis' and/or device 'xc7z010'
INFO: [Designutils 20-5440] No compile time benefit to using incremental synthesis; A full resynthesis will be run
INFO: [Designutils 20-4379] Flow is switching to default flow due to incremental criteria not met. If you would like to alter this behaviour and have the flow terminate instead, please set the following parameter config_implementation {autoIncr.Synth.RejectBehavior Terminate}
INFO: [Synth 8-7079] Multithreading enabled for synth_design using a maximum of 2 processes.
INFO: [Synth 8-7078] Launching helper process for spawning children vivado processes
INFO: [Synth 8-7075] Helper process launched with PID 60084
INFO: [Synth 8-11241] undeclared symbol 'REGCCE', assumed default net type 'wire' [D:/software/Xilinx/Vivado/2022.2/data/verilog/src/unimacro/BRAM_SINGLE_MACRO.v:2170]
INFO: [Synth 8-11241] undeclared symbol 'regData1In', assumed default net type 'wire' [D:/Ray/Vivado/ray_riscv/ray_riscv.srcs/sources_1/new/Id2Ex.v:69]
INFO: [Synth 8-11241] undeclared symbol 'regData1Out', assumed default net type 'wire' [D:/Ray/Vivado/ray_riscv/ray_riscv.srcs/sources_1/new/Id2Ex.v:70]
INFO: [Synth 8-11241] undeclared symbol 'regData2In', assumed default net type 'wire' [D:/Ray/Vivado/ray_riscv/ray_riscv.srcs/sources_1/new/Id2Ex.v:73]
INFO: [Synth 8-11241] undeclared symbol 'regDataOut', assumed default net type 'wire' [D:/Ray/Vivado/ray_riscv/ray_riscv.srcs/sources_1/new/Id2Ex.v:74]
---------------------------------------------------------------------------------
Starting Synthesize : Time (s): cpu = 00:00:07 ; elapsed = 00:00:07 . Memory (MB): peak = 819.496 ; gain = 410.238
---------------------------------------------------------------------------------
INFO: [Synth 8-6157] synthesizing module 'RaySOC' [D:/Ray/Vivado/ray_riscv/ray_riscv.srcs/sources_1/new/RaySOC.v:23]
INFO: [Synth 8-6157] synthesizing module 'RayRiscv' [D:/Ray/Vivado/ray_riscv/ray_riscv.srcs/sources_1/new/RayRiscv.v:24]
INFO: [Synth 8-6157] synthesizing module 'Ctrl' [D:/Ray/Vivado/ray_riscv/ray_riscv.srcs/sources_1/new/ctrl.v:23]
INFO: [Synth 8-6155] done synthesizing module 'Ctrl' (0#1) [D:/Ray/Vivado/ray_riscv/ray_riscv.srcs/sources_1/new/ctrl.v:23]
INFO: [Synth 8-6157] synthesizing module 'PcReg' [D:/Ray/Vivado/ray_riscv/ray_riscv.srcs/sources_1/new/pc_reg.v:24]
INFO: [Synth 8-6155] done synthesizing module 'PcReg' (0#1) [D:/Ray/Vivado/ray_riscv/ray_riscv.srcs/sources_1/new/pc_reg.v:24]
INFO: [Synth 8-6157] synthesizing module 'Ifetch' [D:/Ray/Vivado/ray_riscv/ray_riscv.srcs/sources_1/new/ifetch.v:24]
INFO: [Synth 8-6155] done synthesizing module 'Ifetch' (0#1) [D:/Ray/Vivado/ray_riscv/ray_riscv.srcs/sources_1/new/ifetch.v:24]
INFO: [Synth 8-6157] synthesizing module 'If2Id' [D:/Ray/Vivado/ray_riscv/ray_riscv.srcs/sources_1/new/If2Id.v:24]
INFO: [Synth 8-6157] synthesizing module 'DiffSet' [D:/Ray/Vivado/ray_riscv/ray_riscv.srcs/sources_1/new/DiffSet.v:24]
	Parameter DW bound to: 32 - type: integer 
INFO: [Synth 8-6155] done synthesizing module 'DiffSet' (0#1) [D:/Ray/Vivado/ray_riscv/ray_riscv.srcs/sources_1/new/DiffSet.v:24]
INFO: [Synth 8-6155] done synthesizing module 'If2Id' (0#1) [D:/Ray/Vivado/ray_riscv/ray_riscv.srcs/sources_1/new/If2Id.v:24]
INFO: [Synth 8-6157] synthesizing module 'Id' [D:/Ray/Vivado/ray_riscv/ray_riscv.srcs/sources_1/new/Id.v:24]
INFO: [Synth 8-6155] done synthesizing module 'Id' (0#1) [D:/Ray/Vivado/ray_riscv/ray_riscv.srcs/sources_1/new/Id.v:24]
WARNING: [Synth 8-689] width (32) of port connection 'wFlagOut' does not match port width (1) of module 'Id' [D:/Ray/Vivado/ray_riscv/ray_riscv.srcs/sources_1/new/RayRiscv.v:148]
INFO: [Synth 8-6157] synthesizing module 'Id2Ex' [D:/Ray/Vivado/ray_riscv/ray_riscv.srcs/sources_1/new/Id2Ex.v:24]
INFO: [Synth 8-6157] synthesizing module 'DiffSet__parameterized0' [D:/Ray/Vivado/ray_riscv/ray_riscv.srcs/sources_1/new/DiffSet.v:24]
	Parameter DW bound to: 1 - type: integer 
INFO: [Synth 8-6155] done synthesizing module 'DiffSet__parameterized0' (0#1) [D:/Ray/Vivado/ray_riscv/ray_riscv.srcs/sources_1/new/DiffSet.v:24]
INFO: [Synth 8-6157] synthesizing module 'DiffSet__parameterized1' [D:/Ray/Vivado/ray_riscv/ray_riscv.srcs/sources_1/new/DiffSet.v:24]
	Parameter DW bound to: 5 - type: integer 
INFO: [Synth 8-6155] done synthesizing module 'DiffSet__parameterized1' (0#1) [D:/Ray/Vivado/ray_riscv/ray_riscv.srcs/sources_1/new/DiffSet.v:24]
INFO: [Synth 8-6155] done synthesizing module 'Id2Ex' (0#1) [D:/Ray/Vivado/ray_riscv/ray_riscv.srcs/sources_1/new/Id2Ex.v:24]
WARNING: [Synth 8-689] width (32) of port connection 'wFlagIn' does not match port width (1) of module 'Id2Ex' [D:/Ray/Vivado/ray_riscv/ray_riscv.srcs/sources_1/new/RayRiscv.v:157]
WARNING: [Synth 8-689] width (32) of port connection 'wFlagOut' does not match port width (1) of module 'Id2Ex' [D:/Ray/Vivado/ray_riscv/ray_riscv.srcs/sources_1/new/RayRiscv.v:168]
INFO: [Synth 8-6157] synthesizing module 'Ex' [D:/Ray/Vivado/ray_riscv/ray_riscv.srcs/sources_1/new/ex.v:24]
INFO: [Synth 8-6155] done synthesizing module 'Ex' (0#1) [D:/Ray/Vivado/ray_riscv/ray_riscv.srcs/sources_1/new/ex.v:24]
WARNING: [Synth 8-689] width (32) of port connection 'wFlagIn' does not match port width (1) of module 'Ex' [D:/Ray/Vivado/ray_riscv/ray_riscv.srcs/sources_1/new/RayRiscv.v:179]
WARNING: [Synth 8-689] width (32) of port connection 'wFlagOut' does not match port width (1) of module 'Ex' [D:/Ray/Vivado/ray_riscv/ray_riscv.srcs/sources_1/new/RayRiscv.v:187]
INFO: [Synth 8-6157] synthesizing module 'Regs' [D:/Ray/Vivado/ray_riscv/ray_riscv.srcs/sources_1/new/Regs.v:24]
INFO: [Synth 8-6155] done synthesizing module 'Regs' (0#1) [D:/Ray/Vivado/ray_riscv/ray_riscv.srcs/sources_1/new/Regs.v:24]
WARNING: [Synth 8-689] width (32) of port connection 'wFlagIn' does not match port width (1) of module 'Regs' [D:/Ray/Vivado/ray_riscv/ray_riscv.srcs/sources_1/new/RayRiscv.v:200]
INFO: [Synth 8-6155] done synthesizing module 'RayRiscv' (0#1) [D:/Ray/Vivado/ray_riscv/ray_riscv.srcs/sources_1/new/RayRiscv.v:24]
INFO: [Synth 8-6157] synthesizing module 'Rom' [D:/Ray/Vivado/ray_riscv/ray_riscv.srcs/sources_1/new/Rom.v:23]
INFO: [Synth 8-6155] done synthesizing module 'Rom' (0#1) [D:/Ray/Vivado/ray_riscv/ray_riscv.srcs/sources_1/new/Rom.v:23]
INFO: [Synth 8-6155] done synthesizing module 'RaySOC' (0#1) [D:/Ray/Vivado/ray_riscv/ray_riscv.srcs/sources_1/new/RaySOC.v:23]
WARNING: [Synth 8-3848] Net regData1In in module/entity Id2Ex does not have driver. [D:/Ray/Vivado/ray_riscv/ray_riscv.srcs/sources_1/new/Id2Ex.v:69]
WARNING: [Synth 8-3848] Net regData2In in module/entity Id2Ex does not have driver. [D:/Ray/Vivado/ray_riscv/ray_riscv.srcs/sources_1/new/Id2Ex.v:73]
WARNING: [Synth 8-4767] Trying to implement RAM ' ' in registers. Block RAM or DRAM implementation is not possible; see log for reasons.
	1: Unable to determine number of words or word size in RAM. 
	2: No valid read/write found for RAM. 
RAM dissolved into registers
WARNING: [Synth 8-3848] Net rom_mem in module/entity Rom does not have driver. [D:/Ray/Vivado/ray_riscv/ray_riscv.srcs/sources_1/new/Rom.v:28]
WARNING: [Synth 8-3848] Net rom_mem in module/entity Rom does not have driver. [D:/Ray/Vivado/ray_riscv/ray_riscv.srcs/sources_1/new/Rom.v:28]
WARNING: [Synth 8-3848] Net rom_mem in module/entity Rom does not have driver. [D:/Ray/Vivado/ray_riscv/ray_riscv.srcs/sources_1/new/Rom.v:28]
WARNING: [Synth 8-3848] Net rom_mem in module/entity Rom does not have driver. [D:/Ray/Vivado/ray_riscv/ray_riscv.srcs/sources_1/new/Rom.v:28]
WARNING: [Synth 8-3848] Net rom_mem in module/entity Rom does not have driver. [D:/Ray/Vivado/ray_riscv/ray_riscv.srcs/sources_1/new/Rom.v:28]
WARNING: [Synth 8-3848] Net rom_mem in module/entity Rom does not have driver. [D:/Ray/Vivado/ray_riscv/ray_riscv.srcs/sources_1/new/Rom.v:28]
WARNING: [Synth 8-3848] Net rom_mem in module/entity Rom does not have driver. [D:/Ray/Vivado/ray_riscv/ray_riscv.srcs/sources_1/new/Rom.v:28]
WARNING: [Synth 8-3848] Net rom_mem in module/entity Rom does not have driver. [D:/Ray/Vivado/ray_riscv/ray_riscv.srcs/sources_1/new/Rom.v:28]
WARNING: [Synth 8-3848] Net rom_mem in module/entity Rom does not have driver. [D:/Ray/Vivado/ray_riscv/ray_riscv.srcs/sources_1/new/Rom.v:28]
WARNING: [Synth 8-3848] Net rom_mem in module/entity Rom does not have driver. [D:/Ray/Vivado/ray_riscv/ray_riscv.srcs/sources_1/new/Rom.v:28]
WARNING: [Synth 8-3848] Net rom_mem in module/entity Rom does not have driver. [D:/Ray/Vivado/ray_riscv/ray_riscv.srcs/sources_1/new/Rom.v:28]
WARNING: [Synth 8-3848] Net rom_mem in module/entity Rom does not have driver. [D:/Ray/Vivado/ray_riscv/ray_riscv.srcs/sources_1/new/Rom.v:28]
WARNING: [Synth 8-3848] Net rom_mem in module/entity Rom does not have driver. [D:/Ray/Vivado/ray_riscv/ray_riscv.srcs/sources_1/new/Rom.v:28]
WARNING: [Synth 8-3848] Net rom_mem in module/entity Rom does not have driver. [D:/Ray/Vivado/ray_riscv/ray_riscv.srcs/sources_1/new/Rom.v:28]
WARNING: [Synth 8-3848] Net rom_mem in module/entity Rom does not have driver. [D:/Ray/Vivado/ray_riscv/ray_riscv.srcs/sources_1/new/Rom.v:28]
WARNING: [Synth 8-3848] Net rom_mem in module/entity Rom does not have driver. [D:/Ray/Vivado/ray_riscv/ray_riscv.srcs/sources_1/new/Rom.v:28]
WARNING: [Synth 8-3848] Net rom_mem in module/entity Rom does not have driver. [D:/Ray/Vivado/ray_riscv/ray_riscv.srcs/sources_1/new/Rom.v:28]
WARNING: [Synth 8-3848] Net rom_mem in module/entity Rom does not have driver. [D:/Ray/Vivado/ray_riscv/ray_riscv.srcs/sources_1/new/Rom.v:28]
WARNING: [Synth 8-3848] Net rom_mem in module/entity Rom does not have driver. [D:/Ray/Vivado/ray_riscv/ray_riscv.srcs/sources_1/new/Rom.v:28]
WARNING: [Synth 8-3848] Net rom_mem in module/entity Rom does not have driver. [D:/Ray/Vivado/ray_riscv/ray_riscv.srcs/sources_1/new/Rom.v:28]
WARNING: [Synth 8-3848] Net rom_mem in module/entity Rom does not have driver. [D:/Ray/Vivado/ray_riscv/ray_riscv.srcs/sources_1/new/Rom.v:28]
WARNING: [Synth 8-3848] Net rom_mem in module/entity Rom does not have driver. [D:/Ray/Vivado/ray_riscv/ray_riscv.srcs/sources_1/new/Rom.v:28]
WARNING: [Synth 8-3848] Net rom_mem in module/entity Rom does not have driver. [D:/Ray/Vivado/ray_riscv/ray_riscv.srcs/sources_1/new/Rom.v:28]
WARNING: [Synth 8-3848] Net rom_mem in module/entity Rom does not have driver. [D:/Ray/Vivado/ray_riscv/ray_riscv.srcs/sources_1/new/Rom.v:28]
WARNING: [Synth 8-3848] Net rom_mem in module/entity Rom does not have driver. [D:/Ray/Vivado/ray_riscv/ray_riscv.srcs/sources_1/new/Rom.v:28]
WARNING: [Synth 8-3848] Net rom_mem in module/entity Rom does not have driver. [D:/Ray/Vivado/ray_riscv/ray_riscv.srcs/sources_1/new/Rom.v:28]
WARNING: [Synth 8-3848] Net rom_mem in module/entity Rom does not have driver. [D:/Ray/Vivado/ray_riscv/ray_riscv.srcs/sources_1/new/Rom.v:28]
WARNING: [Synth 8-3848] Net rom_mem in module/entity Rom does not have driver. [D:/Ray/Vivado/ray_riscv/ray_riscv.srcs/sources_1/new/Rom.v:28]
WARNING: [Synth 8-3848] Net rom_mem in module/entity Rom does not have driver. [D:/Ray/Vivado/ray_riscv/ray_riscv.srcs/sources_1/new/Rom.v:28]
WARNING: [Synth 8-3848] Net rom_mem in module/entity Rom does not have driver. [D:/Ray/Vivado/ray_riscv/ray_riscv.srcs/sources_1/new/Rom.v:28]
WARNING: [Synth 8-3848] Net rom_mem in module/entity Rom does not have driver. [D:/Ray/Vivado/ray_riscv/ray_riscv.srcs/sources_1/new/Rom.v:28]
WARNING: [Synth 8-3848] Net rom_mem in module/entity Rom does not have driver. [D:/Ray/Vivado/ray_riscv/ray_riscv.srcs/sources_1/new/Rom.v:28]
WARNING: [Synth 8-3848] Net rom_mem in module/entity Rom does not have driver. [D:/Ray/Vivado/ray_riscv/ray_riscv.srcs/sources_1/new/Rom.v:28]
WARNING: [Synth 8-3848] Net rom_mem in module/entity Rom does not have driver. [D:/Ray/Vivado/ray_riscv/ray_riscv.srcs/sources_1/new/Rom.v:28]
WARNING: [Synth 8-3848] Net rom_mem in module/entity Rom does not have driver. [D:/Ray/Vivado/ray_riscv/ray_riscv.srcs/sources_1/new/Rom.v:28]
WARNING: [Synth 8-3848] Net rom_mem in module/entity Rom does not have driver. [D:/Ray/Vivado/ray_riscv/ray_riscv.srcs/sources_1/new/Rom.v:28]
WARNING: [Synth 8-3848] Net rom_mem in module/entity Rom does not have driver. [D:/Ray/Vivado/ray_riscv/ray_riscv.srcs/sources_1/new/Rom.v:28]
WARNING: [Synth 8-3848] Net rom_mem in module/entity Rom does not have driver. [D:/Ray/Vivado/ray_riscv/ray_riscv.srcs/sources_1/new/Rom.v:28]
WARNING: [Synth 8-3848] Net rom_mem in module/entity Rom does not have driver. [D:/Ray/Vivado/ray_riscv/ray_riscv.srcs/sources_1/new/Rom.v:28]
WARNING: [Synth 8-3848] Net rom_mem in module/entity Rom does not have driver. [D:/Ray/Vivado/ray_riscv/ray_riscv.srcs/sources_1/new/Rom.v:28]
WARNING: [Synth 8-3848] Net rom_mem in module/entity Rom does not have driver. [D:/Ray/Vivado/ray_riscv/ray_riscv.srcs/sources_1/new/Rom.v:28]
WARNING: [Synth 8-3848] Net rom_mem in module/entity Rom does not have driver. [D:/Ray/Vivado/ray_riscv/ray_riscv.srcs/sources_1/new/Rom.v:28]
WARNING: [Synth 8-3848] Net rom_mem in module/entity Rom does not have driver. [D:/Ray/Vivado/ray_riscv/ray_riscv.srcs/sources_1/new/Rom.v:28]
WARNING: [Synth 8-3848] Net rom_mem in module/entity Rom does not have driver. [D:/Ray/Vivado/ray_riscv/ray_riscv.srcs/sources_1/new/Rom.v:28]
WARNING: [Synth 8-3848] Net rom_mem in module/entity Rom does not have driver. [D:/Ray/Vivado/ray_riscv/ray_riscv.srcs/sources_1/new/Rom.v:28]
WARNING: [Synth 8-3848] Net rom_mem in module/entity Rom does not have driver. [D:/Ray/Vivado/ray_riscv/ray_riscv.srcs/sources_1/new/Rom.v:28]
WARNING: [Synth 8-3848] Net rom_mem in module/entity Rom does not have driver. [D:/Ray/Vivado/ray_riscv/ray_riscv.srcs/sources_1/new/Rom.v:28]
WARNING: [Synth 8-3848] Net rom_mem in module/entity Rom does not have driver. [D:/Ray/Vivado/ray_riscv/ray_riscv.srcs/sources_1/new/Rom.v:28]
WARNING: [Synth 8-3848] Net rom_mem in module/entity Rom does not have driver. [D:/Ray/Vivado/ray_riscv/ray_riscv.srcs/sources_1/new/Rom.v:28]
WARNING: [Synth 8-3848] Net rom_mem in module/entity Rom does not have driver. [D:/Ray/Vivado/ray_riscv/ray_riscv.srcs/sources_1/new/Rom.v:28]
WARNING: [Synth 8-3848] Net rom_mem in module/entity Rom does not have driver. [D:/Ray/Vivado/ray_riscv/ray_riscv.srcs/sources_1/new/Rom.v:28]
WARNING: [Synth 8-3848] Net rom_mem in module/entity Rom does not have driver. [D:/Ray/Vivado/ray_riscv/ray_riscv.srcs/sources_1/new/Rom.v:28]
WARNING: [Synth 8-3848] Net rom_mem in module/entity Rom does not have driver. [D:/Ray/Vivado/ray_riscv/ray_riscv.srcs/sources_1/new/Rom.v:28]
WARNING: [Synth 8-3848] Net rom_mem in module/entity Rom does not have driver. [D:/Ray/Vivado/ray_riscv/ray_riscv.srcs/sources_1/new/Rom.v:28]
WARNING: [Synth 8-3848] Net rom_mem in module/entity Rom does not have driver. [D:/Ray/Vivado/ray_riscv/ray_riscv.srcs/sources_1/new/Rom.v:28]
WARNING: [Synth 8-3848] Net rom_mem in module/entity Rom does not have driver. [D:/Ray/Vivado/ray_riscv/ray_riscv.srcs/sources_1/new/Rom.v:28]
WARNING: [Synth 8-3848] Net rom_mem in module/entity Rom does not have driver. [D:/Ray/Vivado/ray_riscv/ray_riscv.srcs/sources_1/new/Rom.v:28]
WARNING: [Synth 8-3848] Net rom_mem in module/entity Rom does not have driver. [D:/Ray/Vivado/ray_riscv/ray_riscv.srcs/sources_1/new/Rom.v:28]
WARNING: [Synth 8-3848] Net rom_mem in module/entity Rom does not have driver. [D:/Ray/Vivado/ray_riscv/ray_riscv.srcs/sources_1/new/Rom.v:28]
WARNING: [Synth 8-3848] Net rom_mem in module/entity Rom does not have driver. [D:/Ray/Vivado/ray_riscv/ray_riscv.srcs/sources_1/new/Rom.v:28]
WARNING: [Synth 8-3848] Net rom_mem in module/entity Rom does not have driver. [D:/Ray/Vivado/ray_riscv/ray_riscv.srcs/sources_1/new/Rom.v:28]
WARNING: [Synth 8-3848] Net rom_mem in module/entity Rom does not have driver. [D:/Ray/Vivado/ray_riscv/ray_riscv.srcs/sources_1/new/Rom.v:28]
WARNING: [Synth 8-3848] Net rom_mem in module/entity Rom does not have driver. [D:/Ray/Vivado/ray_riscv/ray_riscv.srcs/sources_1/new/Rom.v:28]
WARNING: [Synth 8-3848] Net rom_mem in module/entity Rom does not have driver. [D:/Ray/Vivado/ray_riscv/ray_riscv.srcs/sources_1/new/Rom.v:28]
WARNING: [Synth 8-3848] Net rom_mem in module/entity Rom does not have driver. [D:/Ray/Vivado/ray_riscv/ray_riscv.srcs/sources_1/new/Rom.v:28]
WARNING: [Synth 8-3848] Net rom_mem in module/entity Rom does not have driver. [D:/Ray/Vivado/ray_riscv/ray_riscv.srcs/sources_1/new/Rom.v:28]
WARNING: [Synth 8-3848] Net rom_mem in module/entity Rom does not have driver. [D:/Ray/Vivado/ray_riscv/ray_riscv.srcs/sources_1/new/Rom.v:28]
WARNING: [Synth 8-3848] Net rom_mem in module/entity Rom does not have driver. [D:/Ray/Vivado/ray_riscv/ray_riscv.srcs/sources_1/new/Rom.v:28]
WARNING: [Synth 8-3848] Net rom_mem in module/entity Rom does not have driver. [D:/Ray/Vivado/ray_riscv/ray_riscv.srcs/sources_1/new/Rom.v:28]
WARNING: [Synth 8-3848] Net rom_mem in module/entity Rom does not have driver. [D:/Ray/Vivado/ray_riscv/ray_riscv.srcs/sources_1/new/Rom.v:28]
WARNING: [Synth 8-3848] Net rom_mem in module/entity Rom does not have driver. [D:/Ray/Vivado/ray_riscv/ray_riscv.srcs/sources_1/new/Rom.v:28]
WARNING: [Synth 8-3848] Net rom_mem in module/entity Rom does not have driver. [D:/Ray/Vivado/ray_riscv/ray_riscv.srcs/sources_1/new/Rom.v:28]
WARNING: [Synth 8-3848] Net rom_mem in module/entity Rom does not have driver. [D:/Ray/Vivado/ray_riscv/ray_riscv.srcs/sources_1/new/Rom.v:28]
WARNING: [Synth 8-3848] Net rom_mem in module/entity Rom does not have driver. [D:/Ray/Vivado/ray_riscv/ray_riscv.srcs/sources_1/new/Rom.v:28]
WARNING: [Synth 8-3848] Net rom_mem in module/entity Rom does not have driver. [D:/Ray/Vivado/ray_riscv/ray_riscv.srcs/sources_1/new/Rom.v:28]
WARNING: [Synth 8-3848] Net rom_mem in module/entity Rom does not have driver. [D:/Ray/Vivado/ray_riscv/ray_riscv.srcs/sources_1/new/Rom.v:28]
WARNING: [Synth 8-3848] Net rom_mem in module/entity Rom does not have driver. [D:/Ray/Vivado/ray_riscv/ray_riscv.srcs/sources_1/new/Rom.v:28]
WARNING: [Synth 8-3848] Net rom_mem in module/entity Rom does not have driver. [D:/Ray/Vivado/ray_riscv/ray_riscv.srcs/sources_1/new/Rom.v:28]
WARNING: [Synth 8-3848] Net rom_mem in module/entity Rom does not have driver. [D:/Ray/Vivado/ray_riscv/ray_riscv.srcs/sources_1/new/Rom.v:28]
WARNING: [Synth 8-3848] Net rom_mem in module/entity Rom does not have driver. [D:/Ray/Vivado/ray_riscv/ray_riscv.srcs/sources_1/new/Rom.v:28]
WARNING: [Synth 8-3848] Net rom_mem in module/entity Rom does not have driver. [D:/Ray/Vivado/ray_riscv/ray_riscv.srcs/sources_1/new/Rom.v:28]
WARNING: [Synth 8-3848] Net rom_mem in module/entity Rom does not have driver. [D:/Ray/Vivado/ray_riscv/ray_riscv.srcs/sources_1/new/Rom.v:28]
WARNING: [Synth 8-3848] Net rom_mem in module/entity Rom does not have driver. [D:/Ray/Vivado/ray_riscv/ray_riscv.srcs/sources_1/new/Rom.v:28]
WARNING: [Synth 8-3848] Net rom_mem in module/entity Rom does not have driver. [D:/Ray/Vivado/ray_riscv/ray_riscv.srcs/sources_1/new/Rom.v:28]
WARNING: [Synth 8-3848] Net rom_mem in module/entity Rom does not have driver. [D:/Ray/Vivado/ray_riscv/ray_riscv.srcs/sources_1/new/Rom.v:28]
WARNING: [Synth 8-3848] Net rom_mem in module/entity Rom does not have driver. [D:/Ray/Vivado/ray_riscv/ray_riscv.srcs/sources_1/new/Rom.v:28]
WARNING: [Synth 8-3848] Net rom_mem in module/entity Rom does not have driver. [D:/Ray/Vivado/ray_riscv/ray_riscv.srcs/sources_1/new/Rom.v:28]
WARNING: [Synth 8-3848] Net rom_mem in module/entity Rom does not have driver. [D:/Ray/Vivado/ray_riscv/ray_riscv.srcs/sources_1/new/Rom.v:28]
WARNING: [Synth 8-3848] Net rom_mem in module/entity Rom does not have driver. [D:/Ray/Vivado/ray_riscv/ray_riscv.srcs/sources_1/new/Rom.v:28]
WARNING: [Synth 8-3848] Net rom_mem in module/entity Rom does not have driver. [D:/Ray/Vivado/ray_riscv/ray_riscv.srcs/sources_1/new/Rom.v:28]
WARNING: [Synth 8-3848] Net rom_mem in module/entity Rom does not have driver. [D:/Ray/Vivado/ray_riscv/ray_riscv.srcs/sources_1/new/Rom.v:28]
WARNING: [Synth 8-3848] Net rom_mem in module/entity Rom does not have driver. [D:/Ray/Vivado/ray_riscv/ray_riscv.srcs/sources_1/new/Rom.v:28]
WARNING: [Synth 8-3848] Net rom_mem in module/entity Rom does not have driver. [D:/Ray/Vivado/ray_riscv/ray_riscv.srcs/sources_1/new/Rom.v:28]
WARNING: [Synth 8-3848] Net rom_mem in module/entity Rom does not have driver. [D:/Ray/Vivado/ray_riscv/ray_riscv.srcs/sources_1/new/Rom.v:28]
WARNING: [Synth 8-3848] Net rom_mem in module/entity Rom does not have driver. [D:/Ray/Vivado/ray_riscv/ray_riscv.srcs/sources_1/new/Rom.v:28]
WARNING: [Synth 8-3848] Net rom_mem in module/entity Rom does not have driver. [D:/Ray/Vivado/ray_riscv/ray_riscv.srcs/sources_1/new/Rom.v:28]
WARNING: [Synth 8-3848] Net rom_mem in module/entity Rom does not have driver. [D:/Ray/Vivado/ray_riscv/ray_riscv.srcs/sources_1/new/Rom.v:28]
WARNING: [Synth 8-3848] Net rom_mem in module/entity Rom does not have driver. [D:/Ray/Vivado/ray_riscv/ray_riscv.srcs/sources_1/new/Rom.v:28]
INFO: [Common 17-14] Message 'Synth 8-3848' appears 100 times and further instances of the messages will be disabled. Use the Tcl command set_msg_config to change the current settings.
WARNING: [Synth 8-7129] Port rst in module Ex is either unconnected or has no load
WARNING: [Synth 8-7129] Port rst in module Id is either unconnected or has no load
WARNING: [Synth 8-7129] Port holdFlagIn[1] in module PcReg is either unconnected or has no load
WARNING: [Synth 8-7129] Port holdFlagIn[0] in module PcReg is either unconnected or has no load
---------------------------------------------------------------------------------
Finished Synthesize : Time (s): cpu = 00:00:10 ; elapsed = 00:00:10 . Memory (MB): peak = 982.340 ; gain = 573.082
---------------------------------------------------------------------------------
---------------------------------------------------------------------------------
Finished Constraint Validation : Time (s): cpu = 00:00:10 ; elapsed = 00:00:11 . Memory (MB): peak = 982.340 ; gain = 573.082
---------------------------------------------------------------------------------
---------------------------------------------------------------------------------
Start Loading Part and Timing Information
---------------------------------------------------------------------------------
Loading part: xc7z010clg400-1
---------------------------------------------------------------------------------
Finished Loading Part and Timing Information : Time (s): cpu = 00:00:10 ; elapsed = 00:00:11 . Memory (MB): peak = 982.340 ; gain = 573.082
---------------------------------------------------------------------------------
INFO: [Device 21-403] Loading part xc7z010clg400-1
WARNING: [Synth 8-327] inferring latch for variable 'op1Out_reg' [D:/Ray/Vivado/ray_riscv/ray_riscv.srcs/sources_1/new/Id.v:84]
WARNING: [Synth 8-327] inferring latch for variable 'op2Out_reg' [D:/Ray/Vivado/ray_riscv/ray_riscv.srcs/sources_1/new/Id.v:85]
WARNING: [Synth 8-327] inferring latch for variable 'reg_wdata_reg' [D:/Ray/Vivado/ray_riscv/ray_riscv.srcs/sources_1/new/ex.v:75]
---------------------------------------------------------------------------------
Finished RTL Optimization Phase 2 : Time (s): cpu = 00:00:17 ; elapsed = 00:00:15 . Memory (MB): peak = 1020.246 ; gain = 610.988
---------------------------------------------------------------------------------
INFO: [Synth 8-223] decloning instance 'cpu/id2ex/reg1_rdata_ff' (DiffSet) to 'cpu/id2ex/reg2_rdata_ff'
No constraint files found.
---------------------------------------------------------------------------------
Start RTL Component Statistics 
---------------------------------------------------------------------------------
Detailed RTL Component Info : 
+---Adders : 
	   2 Input   32 Bit       Adders := 3     
	   3 Input   32 Bit       Adders := 1     
+---Registers : 
	               32 Bit    Registers := 39    
	                5 Bit    Registers := 1     
	                1 Bit    Registers := 1     
+---Muxes : 
	   2 Input   32 Bit        Muxes := 16    
	   5 Input   32 Bit        Muxes := 2     
	   6 Input   32 Bit        Muxes := 2     
	   2 Input    5 Bit        Muxes := 9     
	   6 Input    5 Bit        Muxes := 2     
	   4 Input    5 Bit        Muxes := 1     
	   6 Input    3 Bit        Muxes := 2     
	   6 Input    2 Bit        Muxes := 1     
	   2 Input    1 Bit        Muxes := 35    
	   6 Input    1 Bit        Muxes := 4     
---------------------------------------------------------------------------------
Finished RTL Component Statistics 
---------------------------------------------------------------------------------
---------------------------------------------------------------------------------
Start Part Resource Summary
---------------------------------------------------------------------------------
Part Resources:
DSPs: 80 (col length:40)
BRAMs: 120 (col length: RAMB18 40 RAMB36 20)
---------------------------------------------------------------------------------
Finished Part Resource Summary
---------------------------------------------------------------------------------
No constraint files found.
---------------------------------------------------------------------------------
Start Cross Boundary and Area Optimization
---------------------------------------------------------------------------------
WARNING: [Synth 8-7080] Parallel synthesis criteria is not met
---------------------------------------------------------------------------------
Finished Cross Boundary and Area Optimization : Time (s): cpu = 00:00:25 ; elapsed = 00:00:22 . Memory (MB): peak = 1168.277 ; gain = 759.020
---------------------------------------------------------------------------------
No constraint files found.
---------------------------------------------------------------------------------
Start Timing Optimization
---------------------------------------------------------------------------------
---------------------------------------------------------------------------------
Finished Timing Optimization : Time (s): cpu = 00:00:25 ; elapsed = 00:00:22 . Memory (MB): peak = 1168.277 ; gain = 759.020
---------------------------------------------------------------------------------
---------------------------------------------------------------------------------
Start Technology Mapping
---------------------------------------------------------------------------------
---------------------------------------------------------------------------------
Finished Technology Mapping : Time (s): cpu = 00:00:25 ; elapsed = 00:00:22 . Memory (MB): peak = 1168.277 ; gain = 759.020
---------------------------------------------------------------------------------
---------------------------------------------------------------------------------
Start IO Insertion
---------------------------------------------------------------------------------
---------------------------------------------------------------------------------
Start Flattening Before IO Insertion
---------------------------------------------------------------------------------
---------------------------------------------------------------------------------
Finished Flattening Before IO Insertion
---------------------------------------------------------------------------------
---------------------------------------------------------------------------------
Start Final Netlist Cleanup
---------------------------------------------------------------------------------
---------------------------------------------------------------------------------
Finished Final Netlist Cleanup
---------------------------------------------------------------------------------
---------------------------------------------------------------------------------
Finished IO Insertion : Time (s): cpu = 00:00:34 ; elapsed = 00:00:33 . Memory (MB): peak = 1168.277 ; gain = 759.020
---------------------------------------------------------------------------------
---------------------------------------------------------------------------------
Start Renaming Generated Instances
---------------------------------------------------------------------------------
---------------------------------------------------------------------------------
Finished Renaming Generated Instances : Time (s): cpu = 00:00:34 ; elapsed = 00:00:33 . Memory (MB): peak = 1168.277 ; gain = 759.020
---------------------------------------------------------------------------------
---------------------------------------------------------------------------------
Start Rebuilding User Hierarchy
---------------------------------------------------------------------------------
---------------------------------------------------------------------------------
Finished Rebuilding User Hierarchy : Time (s): cpu = 00:00:34 ; elapsed = 00:00:33 . Memory (MB): peak = 1168.277 ; gain = 759.020
---------------------------------------------------------------------------------
---------------------------------------------------------------------------------
Start Renaming Generated Ports
---------------------------------------------------------------------------------
---------------------------------------------------------------------------------
Finished Renaming Generated Ports : Time (s): cpu = 00:00:34 ; elapsed = 00:00:33 . Memory (MB): peak = 1168.277 ; gain = 759.020
---------------------------------------------------------------------------------
---------------------------------------------------------------------------------
Start Handling Custom Attributes
---------------------------------------------------------------------------------
---------------------------------------------------------------------------------
Finished Handling Custom Attributes : Time (s): cpu = 00:00:34 ; elapsed = 00:00:33 . Memory (MB): peak = 1168.277 ; gain = 759.020
---------------------------------------------------------------------------------
---------------------------------------------------------------------------------
Start Renaming Generated Nets
---------------------------------------------------------------------------------
---------------------------------------------------------------------------------
Finished Renaming Generated Nets : Time (s): cpu = 00:00:34 ; elapsed = 00:00:33 . Memory (MB): peak = 1168.277 ; gain = 759.020
---------------------------------------------------------------------------------
---------------------------------------------------------------------------------
Start Writing Synthesis Report
---------------------------------------------------------------------------------

Report BlackBoxes: 
+-+--------------+----------+
| |BlackBox name |Instances |
+-+--------------+----------+
+-+--------------+----------+

Report Cell Usage: 
+-+-----+------+
| |Cell |Count |
+-+-----+------+
+-+-----+------+

Report Instance Areas: 
+------+---------+-------+------+
|      |Instance |Module |Cells |
+------+---------+-------+------+
|1     |top      |       |     0|
+------+---------+-------+------+
---------------------------------------------------------------------------------
Finished Writing Synthesis Report : Time (s): cpu = 00:00:34 ; elapsed = 00:00:33 . Memory (MB): peak = 1168.277 ; gain = 759.020
---------------------------------------------------------------------------------
Synthesis finished with 0 errors, 0 critical warnings and 4113 warnings.
Synthesis Optimization Runtime : Time (s): cpu = 00:00:34 ; elapsed = 00:00:33 . Memory (MB): peak = 1168.277 ; gain = 759.020
Synthesis Optimization Complete : Time (s): cpu = 00:00:34 ; elapsed = 00:00:33 . Memory (MB): peak = 1168.277 ; gain = 759.020
INFO: [Project 1-571] Translating synthesized netlist
Netlist sorting complete. Time (s): cpu = 00:00:00 ; elapsed = 00:00:00 . Memory (MB): peak = 1168.277 ; gain = 0.000
INFO: [Project 1-570] Preparing netlist for logic optimization
INFO: [Opt 31-138] Pushed 0 inverter(s) to 0 load pin(s).
Netlist sorting complete. Time (s): cpu = 00:00:00 ; elapsed = 00:00:00 . Memory (MB): peak = 1218.680 ; gain = 0.000
INFO: [Project 1-111] Unisim Transformation Summary:
No Unisim elements were transformed.

Synth Design complete, checksum: 52b6f1c0
INFO: [Common 17-83] Releasing license: Synthesis
49 Infos, 115 Warnings, 0 Critical Warnings and 0 Errors encountered.
synth_design completed successfully
synth_design: Time (s): cpu = 00:00:36 ; elapsed = 00:00:36 . Memory (MB): peak = 1218.680 ; gain = 816.656
INFO: [Common 17-1381] The checkpoint 'D:/Ray/Vivado/ray_riscv/ray_riscv.runs/synth_1/RaySOC.dcp' has been generated.
INFO: [runtcl-4] Executing : report_utilization -file RaySOC_utilization_synth.rpt -pb RaySOC_utilization_synth.pb
INFO: [Common 17-206] Exiting Vivado at Tue Dec 20 14:03:24 2022...
